2025-03-26T11:10:05.166+05:30  INFO 17360 --- [farmersapp] [restartedMain] c.s.farmersapp.FarmersappApplication     : Starting FarmersappApplication using Java 21.0.5 with PID 17360 (C:\Users\chand\OneDrive\Desktop\farmersapp\target\classes started by chand in C:\Users\chand\OneDrive\Desktop\farmersapp)
2025-03-26T11:10:05.175+05:30  INFO 17360 --- [farmersapp] [restartedMain] c.s.farmersapp.FarmersappApplication     : No active profile set, falling back to 1 default profile: "default"
2025-03-26T11:10:05.324+05:30  INFO 17360 --- [farmersapp] [restartedMain] .e.DevToolsPropertyDefaultsPostProcessor : Devtools property defaults active! Set 'spring.devtools.add-properties' to 'false' to disable
2025-03-26T11:10:05.324+05:30  INFO 17360 --- [farmersapp] [restartedMain] .e.DevToolsPropertyDefaultsPostProcessor : For additional web related logging consider setting the 'logging.level.web' property to 'DEBUG'
2025-03-26T11:10:07.456+05:30  INFO 17360 --- [farmersapp] [restartedMain] .s.d.r.c.RepositoryConfigurationDelegate : Bootstrapping Spring Data JPA repositories in DEFAULT mode.
2025-03-26T11:10:07.753+05:30  INFO 17360 --- [farmersapp] [restartedMain] .s.d.r.c.RepositoryConfigurationDelegate : Finished Spring Data repository scanning in 262 ms. Found 8 JPA repository interfaces.
2025-03-26T11:10:09.473+05:30  INFO 17360 --- [farmersapp] [restartedMain] o.s.b.w.embedded.tomcat.TomcatWebServer  : Tomcat initialized with port 8080 (http)
2025-03-26T11:10:09.530+05:30  INFO 17360 --- [farmersapp] [restartedMain] o.apache.catalina.core.StandardService   : Starting service [Tomcat]
2025-03-26T11:10:09.542+05:30  INFO 17360 --- [farmersapp] [restartedMain] o.apache.catalina.core.StandardEngine    : Starting Servlet engine: [Apache Tomcat/10.1.34]
2025-03-26T11:10:09.699+05:30  INFO 17360 --- [farmersapp] [restartedMain] o.a.c.c.C.[Tomcat].[localhost].[/]       : Initializing Spring embedded WebApplicationContext
2025-03-26T11:10:09.699+05:30  INFO 17360 --- [farmersapp] [restartedMain] w.s.c.ServletWebServerApplicationContext : Root WebApplicationContext: initialization completed in 4375 ms
2025-03-26T11:10:10.232+05:30  INFO 17360 --- [farmersapp] [restartedMain] o.hibernate.jpa.internal.util.LogHelper  : HHH000204: Processing PersistenceUnitInfo [name: default]
2025-03-26T11:10:10.507+05:30  INFO 17360 --- [farmersapp] [restartedMain] org.hibernate.Version                    : HHH000412: Hibernate ORM core version 6.6.5.Final
2025-03-26T11:10:10.675+05:30  INFO 17360 --- [farmersapp] [restartedMain] o.h.c.internal.RegionFactoryInitiator    : HHH000026: Second-level cache disabled
2025-03-26T11:10:11.529+05:30  INFO 17360 --- [farmersapp] [restartedMain] o.s.o.j.p.SpringPersistenceUnitInfo      : No LoadTimeWeaver setup: ignoring JPA class transformer
2025-03-26T11:10:11.611+05:30  INFO 17360 --- [farmersapp] [restartedMain] com.zaxxer.hikari.HikariDataSource       : HikariPool-1 - Starting...
2025-03-26T11:10:12.445+05:30  INFO 17360 --- [farmersapp] [restartedMain] com.zaxxer.hikari.pool.HikariPool        : HikariPool-1 - Added connection com.mysql.cj.jdbc.ConnectionImpl@3409b3a
2025-03-26T11:10:12.463+05:30  INFO 17360 --- [farmersapp] [restartedMain] com.zaxxer.hikari.HikariDataSource       : HikariPool-1 - Start completed.
2025-03-26T11:10:12.585+05:30  WARN 17360 --- [farmersapp] [restartedMain] org.hibernate.orm.deprecation            : HHH90000025: MySQL8Dialect does not need to be specified explicitly using 'hibernate.dialect' (remove the property setting and it will be selected by default)
2025-03-26T11:10:12.585+05:30  WARN 17360 --- [farmersapp] [restartedMain] org.hibernate.orm.deprecation            : HHH90000026: MySQL8Dialect has been deprecated; use org.hibernate.dialect.MySQLDialect instead
2025-03-26T11:10:12.617+05:30  INFO 17360 --- [farmersapp] [restartedMain] org.hibernate.orm.connections.pooling    : HHH10001005: Database info:
	Database JDBC URL [Connecting through datasource 'HikariDataSource (HikariPool-1)']
	Database driver: undefined/unknown
	Database version: 8.0
	Autocommit mode: undefined/unknown
	Isolation level: undefined/unknown
	Minimum pool size: undefined/unknown
	Maximum pool size: undefined/unknown
2025-03-26T11:10:14.970+05:30  INFO 17360 --- [farmersapp] [restartedMain] o.h.e.t.j.p.i.JtaPlatformInitiator       : HHH000489: No JTA platform available (set 'hibernate.transaction.jta.platform' to enable JTA platform integration)
2025-03-26T11:10:15.345+05:30  INFO 17360 --- [farmersapp] [restartedMain] j.LocalContainerEntityManagerFactoryBean : Initialized JPA EntityManagerFactory for persistence unit 'default'
2025-03-26T11:10:16.471+05:30  INFO 17360 --- [farmersapp] [restartedMain] o.s.d.j.r.query.QueryEnhancerFactory     : Hibernate is in classpath; If applicable, HQL parser will be used.
2025-03-26T11:10:19.005+05:30  WARN 17360 --- [farmersapp] [restartedMain] JpaBaseConfiguration$JpaWebConfiguration : spring.jpa.open-in-view is enabled by default. Therefore, database queries may be performed during view rendering. Explicitly configure spring.jpa.open-in-view to disable this warning
2025-03-26T11:10:19.142+05:30  INFO 17360 --- [farmersapp] [restartedMain] o.s.v.b.OptionalValidatorFactoryBean     : Failed to set up a Bean Validation provider: jakarta.validation.NoProviderFoundException: Unable to create a Configuration, because no Jakarta Bean Validation provider could be found. Add a provider like Hibernate Validator (RI) to your classpath.
2025-03-26T11:10:20.259+05:30  INFO 17360 --- [farmersapp] [restartedMain] o.s.b.d.a.OptionalLiveReloadServer       : LiveReload server is running on port 35729
2025-03-26T11:10:20.381+05:30  INFO 17360 --- [farmersapp] [restartedMain] o.s.b.w.embedded.tomcat.TomcatWebServer  : Tomcat started on port 8080 (http) with context path '/'
2025-03-26T11:10:20.414+05:30  INFO 17360 --- [farmersapp] [restartedMain] c.s.farmersapp.FarmersappApplication     : Started FarmersappApplication in 16.071 seconds (process running for 16.746)
2025-03-26T11:10:39.788+05:30  INFO 17360 --- [farmersapp] [http-nio-8080-exec-2] o.a.c.c.C.[Tomcat].[localhost].[/]       : Initializing Spring DispatcherServlet 'dispatcherServlet'
2025-03-26T11:10:39.830+05:30  INFO 17360 --- [farmersapp] [http-nio-8080-exec-2] o.s.web.servlet.DispatcherServlet        : Initializing Servlet 'dispatcherServlet'
2025-03-26T11:10:40.041+05:30  INFO 17360 --- [farmersapp] [http-nio-8080-exec-2] o.s.web.servlet.DispatcherServlet        : Completed initialization in 78 ms
2025-03-26T11:10:45.584+05:30  INFO 17360 --- [farmersapp] [http-nio-8080-exec-9] o.springdoc.api.AbstractOpenApiResource  : Init duration for springdoc-openapi is: 4175 ms
2025-03-26T11:11:43.453+05:30  INFO 17360 --- [farmersapp] [File Watcher] rtingClassPathChangeChangedEventListener : Restarting due to 1 class path change (0 additions, 0 deletions, 1 modification)
2025-03-26T11:11:43.470+05:30  INFO 17360 --- [farmersapp] [Thread-5] o.s.b.w.e.tomcat.GracefulShutdown        : Commencing graceful shutdown. Waiting for active requests to complete
2025-03-26T11:11:43.594+05:30  INFO 17360 --- [farmersapp] [tomcat-shutdown] o.s.b.w.e.tomcat.GracefulShutdown        : Graceful shutdown complete
2025-03-26T11:11:43.682+05:30  INFO 17360 --- [farmersapp] [Thread-5] j.LocalContainerEntityManagerFactoryBean : Closing JPA EntityManagerFactory for persistence unit 'default'
2025-03-26T11:11:43.944+05:30  INFO 17360 --- [farmersapp] [Thread-5] com.zaxxer.hikari.HikariDataSource       : HikariPool-1 - Shutdown initiated...
2025-03-26T11:11:43.977+05:30  INFO 17360 --- [farmersapp] [Thread-5] com.zaxxer.hikari.HikariDataSource       : HikariPool-1 - Shutdown completed.
2025-03-26T11:11:44.220+05:30  INFO 17360 --- [farmersapp] [restartedMain] c.s.farmersapp.FarmersappApplication     : Starting FarmersappApplication using Java 21.0.5 with PID 17360 (C:\Users\chand\OneDrive\Desktop\farmersapp\target\classes started by chand in C:\Users\chand\OneDrive\Desktop\farmersapp)
2025-03-26T11:11:44.220+05:30  INFO 17360 --- [farmersapp] [restartedMain] c.s.farmersapp.FarmersappApplication     : No active profile set, falling back to 1 default profile: "default"
2025-03-26T11:11:44.648+05:30  INFO 17360 --- [farmersapp] [restartedMain] .s.d.r.c.RepositoryConfigurationDelegate : Bootstrapping Spring Data JPA repositories in DEFAULT mode.
2025-03-26T11:11:44.684+05:30  INFO 17360 --- [farmersapp] [restartedMain] .s.d.r.c.RepositoryConfigurationDelegate : Finished Spring Data repository scanning in 35 ms. Found 8 JPA repository interfaces.
2025-03-26T11:11:44.944+05:30  INFO 17360 --- [farmersapp] [restartedMain] o.s.b.w.embedded.tomcat.TomcatWebServer  : Tomcat initialized with port 8080 (http)
2025-03-26T11:11:44.944+05:30  INFO 17360 --- [farmersapp] [restartedMain] o.apache.catalina.core.StandardService   : Starting service [Tomcat]
2025-03-26T11:11:44.944+05:30  INFO 17360 --- [farmersapp] [restartedMain] o.apache.catalina.core.StandardEngine    : Starting Servlet engine: [Apache Tomcat/10.1.34]
2025-03-26T11:11:44.984+05:30  INFO 17360 --- [farmersapp] [restartedMain] o.a.c.c.C.[Tomcat].[localhost].[/]       : Initializing Spring embedded WebApplicationContext
2025-03-26T11:11:44.994+05:30  INFO 17360 --- [farmersapp] [restartedMain] w.s.c.ServletWebServerApplicationContext : Root WebApplicationContext: initialization completed in 766 ms
2025-03-26T11:11:45.084+05:30  INFO 17360 --- [farmersapp] [restartedMain] o.hibernate.jpa.internal.util.LogHelper  : HHH000204: Processing PersistenceUnitInfo [name: default]
2025-03-26T11:11:45.088+05:30  INFO 17360 --- [farmersapp] [restartedMain] o.h.c.internal.RegionFactoryInitiator    : HHH000026: Second-level cache disabled
2025-03-26T11:11:45.112+05:30  INFO 17360 --- [farmersapp] [restartedMain] o.s.o.j.p.SpringPersistenceUnitInfo      : No LoadTimeWeaver setup: ignoring JPA class transformer
2025-03-26T11:11:45.120+05:30  INFO 17360 --- [farmersapp] [restartedMain] com.zaxxer.hikari.HikariDataSource       : HikariPool-2 - Starting...
2025-03-26T11:11:45.244+05:30  INFO 17360 --- [farmersapp] [restartedMain] com.zaxxer.hikari.pool.HikariPool        : HikariPool-2 - Added connection com.mysql.cj.jdbc.ConnectionImpl@5cbad10f
2025-03-26T11:11:45.244+05:30  INFO 17360 --- [farmersapp] [restartedMain] com.zaxxer.hikari.HikariDataSource       : HikariPool-2 - Start completed.
2025-03-26T11:11:45.252+05:30  WARN 17360 --- [farmersapp] [restartedMain] org.hibernate.orm.deprecation            : HHH90000025: MySQL8Dialect does not need to be specified explicitly using 'hibernate.dialect' (remove the property setting and it will be selected by default)
2025-03-26T11:11:45.252+05:30  WARN 17360 --- [farmersapp] [restartedMain] org.hibernate.orm.deprecation            : HHH90000026: MySQL8Dialect has been deprecated; use org.hibernate.dialect.MySQLDialect instead
2025-03-26T11:11:45.252+05:30  INFO 17360 --- [farmersapp] [restartedMain] org.hibernate.orm.connections.pooling    : HHH10001005: Database info:
	Database JDBC URL [Connecting through datasource 'HikariDataSource (HikariPool-2)']
	Database driver: undefined/unknown
	Database version: 8.0
	Autocommit mode: undefined/unknown
	Isolation level: undefined/unknown
	Minimum pool size: undefined/unknown
	Maximum pool size: undefined/unknown
2025-03-26T11:11:45.629+05:30  INFO 17360 --- [farmersapp] [restartedMain] o.h.e.t.j.p.i.JtaPlatformInitiator       : HHH000489: No JTA platform available (set 'hibernate.transaction.jta.platform' to enable JTA platform integration)
2025-03-26T11:11:45.737+05:30  INFO 17360 --- [farmersapp] [restartedMain] j.LocalContainerEntityManagerFactoryBean : Initialized JPA EntityManagerFactory for persistence unit 'default'
2025-03-26T11:11:46.194+05:30  WARN 17360 --- [farmersapp] [restartedMain] JpaBaseConfiguration$JpaWebConfiguration : spring.jpa.open-in-view is enabled by default. Therefore, database queries may be performed during view rendering. Explicitly configure spring.jpa.open-in-view to disable this warning
2025-03-26T11:11:46.218+05:30  INFO 17360 --- [farmersapp] [restartedMain] o.s.v.b.OptionalValidatorFactoryBean     : Failed to set up a Bean Validation provider: jakarta.validation.NoProviderFoundException: Unable to create a Configuration, because no Jakarta Bean Validation provider could be found. Add a provider like Hibernate Validator (RI) to your classpath.
2025-03-26T11:11:46.434+05:30  INFO 17360 --- [farmersapp] [restartedMain] o.s.b.d.a.OptionalLiveReloadServer       : LiveReload server is running on port 35729
2025-03-26T11:11:46.447+05:30  INFO 17360 --- [farmersapp] [restartedMain] o.s.b.w.embedded.tomcat.TomcatWebServer  : Tomcat started on port 8080 (http) with context path '/'
2025-03-26T11:11:46.453+05:30  INFO 17360 --- [farmersapp] [restartedMain] c.s.farmersapp.FarmersappApplication     : Started FarmersappApplication in 2.293 seconds (process running for 102.781)
2025-03-26T11:11:46.453+05:30  INFO 17360 --- [farmersapp] [restartedMain] .ConditionEvaluationDeltaLoggingListener : Condition evaluation unchanged
2025-03-26T11:14:13.550+05:30  INFO 17360 --- [farmersapp] [File Watcher] rtingClassPathChangeChangedEventListener : Restarting due to 1 class path change (0 additions, 0 deletions, 1 modification)
2025-03-26T11:14:13.556+05:30  INFO 17360 --- [farmersapp] [Thread-7] o.s.b.w.e.tomcat.GracefulShutdown        : Commencing graceful shutdown. Waiting for active requests to complete
2025-03-26T11:14:13.581+05:30  INFO 17360 --- [farmersapp] [tomcat-shutdown] o.s.b.w.e.tomcat.GracefulShutdown        : Graceful shutdown complete
2025-03-26T11:14:13.599+05:30  INFO 17360 --- [farmersapp] [Thread-7] j.LocalContainerEntityManagerFactoryBean : Closing JPA EntityManagerFactory for persistence unit 'default'
2025-03-26T11:14:13.601+05:30  INFO 17360 --- [farmersapp] [Thread-7] com.zaxxer.hikari.HikariDataSource       : HikariPool-2 - Shutdown initiated...
2025-03-26T11:14:13.626+05:30  INFO 17360 --- [farmersapp] [Thread-7] com.zaxxer.hikari.HikariDataSource       : HikariPool-2 - Shutdown completed.
2025-03-26T11:14:13.780+05:30  INFO 17360 --- [farmersapp] [restartedMain] c.s.farmersapp.FarmersappApplication     : Starting FarmersappApplication using Java 21.0.5 with PID 17360 (C:\Users\chand\OneDrive\Desktop\farmersapp\target\classes started by chand in C:\Users\chand\OneDrive\Desktop\farmersapp)
2025-03-26T11:14:13.782+05:30  INFO 17360 --- [farmersapp] [restartedMain] c.s.farmersapp.FarmersappApplication     : No active profile set, falling back to 1 default profile: "default"
2025-03-26T11:14:14.198+05:30  INFO 17360 --- [farmersapp] [restartedMain] .s.d.r.c.RepositoryConfigurationDelegate : Bootstrapping Spring Data JPA repositories in DEFAULT mode.
2025-03-26T11:14:14.254+05:30  INFO 17360 --- [farmersapp] [restartedMain] .s.d.r.c.RepositoryConfigurationDelegate : Finished Spring Data repository scanning in 52 ms. Found 8 JPA repository interfaces.
2025-03-26T11:14:14.522+05:30  INFO 17360 --- [farmersapp] [restartedMain] o.s.b.w.embedded.tomcat.TomcatWebServer  : Tomcat initialized with port 8080 (http)
2025-03-26T11:14:14.525+05:30  INFO 17360 --- [farmersapp] [restartedMain] o.apache.catalina.core.StandardService   : Starting service [Tomcat]
2025-03-26T11:14:14.527+05:30  INFO 17360 --- [farmersapp] [restartedMain] o.apache.catalina.core.StandardEngine    : Starting Servlet engine: [Apache Tomcat/10.1.34]
2025-03-26T11:14:14.558+05:30  INFO 17360 --- [farmersapp] [restartedMain] o.a.c.c.C.[Tomcat].[localhost].[/]       : Initializing Spring embedded WebApplicationContext
2025-03-26T11:14:14.560+05:30  INFO 17360 --- [farmersapp] [restartedMain] w.s.c.ServletWebServerApplicationContext : Root WebApplicationContext: initialization completed in 770 ms
2025-03-26T11:14:14.635+05:30  INFO 17360 --- [farmersapp] [restartedMain] o.hibernate.jpa.internal.util.LogHelper  : HHH000204: Processing PersistenceUnitInfo [name: default]
2025-03-26T11:14:14.640+05:30  INFO 17360 --- [farmersapp] [restartedMain] o.h.c.internal.RegionFactoryInitiator    : HHH000026: Second-level cache disabled
2025-03-26T11:14:14.663+05:30  INFO 17360 --- [farmersapp] [restartedMain] o.s.o.j.p.SpringPersistenceUnitInfo      : No LoadTimeWeaver setup: ignoring JPA class transformer
2025-03-26T11:14:14.667+05:30  INFO 17360 --- [farmersapp] [restartedMain] com.zaxxer.hikari.HikariDataSource       : HikariPool-3 - Starting...
2025-03-26T11:14:14.696+05:30  INFO 17360 --- [farmersapp] [restartedMain] com.zaxxer.hikari.pool.HikariPool        : HikariPool-3 - Added connection com.mysql.cj.jdbc.ConnectionImpl@e97f991
2025-03-26T11:14:14.697+05:30  INFO 17360 --- [farmersapp] [restartedMain] com.zaxxer.hikari.HikariDataSource       : HikariPool-3 - Start completed.
2025-03-26T11:14:14.699+05:30  WARN 17360 --- [farmersapp] [restartedMain] org.hibernate.orm.deprecation            : HHH90000025: MySQL8Dialect does not need to be specified explicitly using 'hibernate.dialect' (remove the property setting and it will be selected by default)
2025-03-26T11:14:14.701+05:30  WARN 17360 --- [farmersapp] [restartedMain] org.hibernate.orm.deprecation            : HHH90000026: MySQL8Dialect has been deprecated; use org.hibernate.dialect.MySQLDialect instead
2025-03-26T11:14:14.702+05:30  INFO 17360 --- [farmersapp] [restartedMain] org.hibernate.orm.connections.pooling    : HHH10001005: Database info:
	Database JDBC URL [Connecting through datasource 'HikariDataSource (HikariPool-3)']
	Database driver: undefined/unknown
	Database version: 8.0
	Autocommit mode: undefined/unknown
	Isolation level: undefined/unknown
	Minimum pool size: undefined/unknown
	Maximum pool size: undefined/unknown
2025-03-26T11:14:14.941+05:30  INFO 17360 --- [farmersapp] [restartedMain] o.h.e.t.j.p.i.JtaPlatformInitiator       : HHH000489: No JTA platform available (set 'hibernate.transaction.jta.platform' to enable JTA platform integration)
2025-03-26T11:14:15.016+05:30  INFO 17360 --- [farmersapp] [restartedMain] j.LocalContainerEntityManagerFactoryBean : Initialized JPA EntityManagerFactory for persistence unit 'default'
2025-03-26T11:14:15.284+05:30  WARN 17360 --- [farmersapp] [restartedMain] JpaBaseConfiguration$JpaWebConfiguration : spring.jpa.open-in-view is enabled by default. Therefore, database queries may be performed during view rendering. Explicitly configure spring.jpa.open-in-view to disable this warning
2025-03-26T11:14:15.302+05:30  INFO 17360 --- [farmersapp] [restartedMain] o.s.v.b.OptionalValidatorFactoryBean     : Failed to set up a Bean Validation provider: jakarta.validation.NoProviderFoundException: Unable to create a Configuration, because no Jakarta Bean Validation provider could be found. Add a provider like Hibernate Validator (RI) to your classpath.
2025-03-26T11:14:15.470+05:30  INFO 17360 --- [farmersapp] [restartedMain] o.s.b.d.a.OptionalLiveReloadServer       : LiveReload server is running on port 35729
2025-03-26T11:14:15.496+05:30  INFO 17360 --- [farmersapp] [restartedMain] o.s.b.w.embedded.tomcat.TomcatWebServer  : Tomcat started on port 8080 (http) with context path '/'
2025-03-26T11:14:15.529+05:30  INFO 17360 --- [farmersapp] [restartedMain] c.s.farmersapp.FarmersappApplication     : Started FarmersappApplication in 1.812 seconds (process running for 251.858)
2025-03-26T11:14:15.592+05:30  INFO 17360 --- [farmersapp] [restartedMain] .ConditionEvaluationDeltaLoggingListener : Condition evaluation unchanged
2025-03-26T11:14:21.026+05:30  INFO 17360 --- [farmersapp] [File Watcher] rtingClassPathChangeChangedEventListener : Restarting due to 1 class path change (0 additions, 0 deletions, 1 modification)
2025-03-26T11:14:21.026+05:30  INFO 17360 --- [farmersapp] [Thread-11] o.s.b.w.e.tomcat.GracefulShutdown        : Commencing graceful shutdown. Waiting for active requests to complete
2025-03-26T11:14:21.041+05:30  INFO 17360 --- [farmersapp] [tomcat-shutdown] o.s.b.w.e.tomcat.GracefulShutdown        : Graceful shutdown complete
2025-03-26T11:14:21.045+05:30  INFO 17360 --- [farmersapp] [Thread-11] j.LocalContainerEntityManagerFactoryBean : Closing JPA EntityManagerFactory for persistence unit 'default'
2025-03-26T11:14:21.047+05:30  INFO 17360 --- [farmersapp] [Thread-11] com.zaxxer.hikari.HikariDataSource       : HikariPool-3 - Shutdown initiated...
2025-03-26T11:14:21.058+05:30  INFO 17360 --- [farmersapp] [Thread-11] com.zaxxer.hikari.HikariDataSource       : HikariPool-3 - Shutdown completed.
2025-03-26T11:14:21.222+05:30  INFO 17360 --- [farmersapp] [restartedMain] c.s.farmersapp.FarmersappApplication     : Starting FarmersappApplication using Java 21.0.5 with PID 17360 (C:\Users\chand\OneDrive\Desktop\farmersapp\target\classes started by chand in C:\Users\chand\OneDrive\Desktop\farmersapp)
2025-03-26T11:14:21.227+05:30  INFO 17360 --- [farmersapp] [restartedMain] c.s.farmersapp.FarmersappApplication     : No active profile set, falling back to 1 default profile: "default"
2025-03-26T11:14:21.503+05:30  INFO 17360 --- [farmersapp] [restartedMain] .s.d.r.c.RepositoryConfigurationDelegate : Bootstrapping Spring Data JPA repositories in DEFAULT mode.
2025-03-26T11:14:21.554+05:30  INFO 17360 --- [farmersapp] [restartedMain] .s.d.r.c.RepositoryConfigurationDelegate : Finished Spring Data repository scanning in 41 ms. Found 8 JPA repository interfaces.
2025-03-26T11:14:21.757+05:30  INFO 17360 --- [farmersapp] [restartedMain] o.s.b.w.embedded.tomcat.TomcatWebServer  : Tomcat initialized with port 8080 (http)
2025-03-26T11:14:21.760+05:30  INFO 17360 --- [farmersapp] [restartedMain] o.apache.catalina.core.StandardService   : Starting service [Tomcat]
2025-03-26T11:14:21.760+05:30  INFO 17360 --- [farmersapp] [restartedMain] o.apache.catalina.core.StandardEngine    : Starting Servlet engine: [Apache Tomcat/10.1.34]
2025-03-26T11:14:21.777+05:30  INFO 17360 --- [farmersapp] [restartedMain] o.a.c.c.C.[Tomcat].[localhost].[/]       : Initializing Spring embedded WebApplicationContext
2025-03-26T11:14:21.777+05:30  INFO 17360 --- [farmersapp] [restartedMain] w.s.c.ServletWebServerApplicationContext : Root WebApplicationContext: initialization completed in 548 ms
2025-03-26T11:14:21.827+05:30  INFO 17360 --- [farmersapp] [restartedMain] o.hibernate.jpa.internal.util.LogHelper  : HHH000204: Processing PersistenceUnitInfo [name: default]
2025-03-26T11:14:21.827+05:30  INFO 17360 --- [farmersapp] [restartedMain] o.h.c.internal.RegionFactoryInitiator    : HHH000026: Second-level cache disabled
2025-03-26T11:14:21.845+05:30  INFO 17360 --- [farmersapp] [restartedMain] o.s.o.j.p.SpringPersistenceUnitInfo      : No LoadTimeWeaver setup: ignoring JPA class transformer
2025-03-26T11:14:21.845+05:30  INFO 17360 --- [farmersapp] [restartedMain] com.zaxxer.hikari.HikariDataSource       : HikariPool-4 - Starting...
2025-03-26T11:14:21.876+05:30  INFO 17360 --- [farmersapp] [restartedMain] com.zaxxer.hikari.pool.HikariPool        : HikariPool-4 - Added connection com.mysql.cj.jdbc.ConnectionImpl@68b6e3c3
2025-03-26T11:14:21.877+05:30  INFO 17360 --- [farmersapp] [restartedMain] com.zaxxer.hikari.HikariDataSource       : HikariPool-4 - Start completed.
2025-03-26T11:14:21.880+05:30  WARN 17360 --- [farmersapp] [restartedMain] org.hibernate.orm.deprecation            : HHH90000025: MySQL8Dialect does not need to be specified explicitly using 'hibernate.dialect' (remove the property setting and it will be selected by default)
2025-03-26T11:14:21.880+05:30  WARN 17360 --- [farmersapp] [restartedMain] org.hibernate.orm.deprecation            : HHH90000026: MySQL8Dialect has been deprecated; use org.hibernate.dialect.MySQLDialect instead
2025-03-26T11:14:21.884+05:30  INFO 17360 --- [farmersapp] [restartedMain] org.hibernate.orm.connections.pooling    : HHH10001005: Database info:
	Database JDBC URL [Connecting through datasource 'HikariDataSource (HikariPool-4)']
	Database driver: undefined/unknown
	Database version: 8.0
	Autocommit mode: undefined/unknown
	Isolation level: undefined/unknown
	Minimum pool size: undefined/unknown
	Maximum pool size: undefined/unknown
2025-03-26T11:14:22.033+05:30  INFO 17360 --- [farmersapp] [restartedMain] o.h.e.t.j.p.i.JtaPlatformInitiator       : HHH000489: No JTA platform available (set 'hibernate.transaction.jta.platform' to enable JTA platform integration)
2025-03-26T11:14:22.108+05:30  INFO 17360 --- [farmersapp] [restartedMain] j.LocalContainerEntityManagerFactoryBean : Initialized JPA EntityManagerFactory for persistence unit 'default'
2025-03-26T11:14:22.345+05:30  WARN 17360 --- [farmersapp] [restartedMain] JpaBaseConfiguration$JpaWebConfiguration : spring.jpa.open-in-view is enabled by default. Therefore, database queries may be performed during view rendering. Explicitly configure spring.jpa.open-in-view to disable this warning
2025-03-26T11:14:22.365+05:30  INFO 17360 --- [farmersapp] [restartedMain] o.s.v.b.OptionalValidatorFactoryBean     : Failed to set up a Bean Validation provider: jakarta.validation.NoProviderFoundException: Unable to create a Configuration, because no Jakarta Bean Validation provider could be found. Add a provider like Hibernate Validator (RI) to your classpath.
2025-03-26T11:14:22.524+05:30  INFO 17360 --- [farmersapp] [restartedMain] o.s.b.d.a.OptionalLiveReloadServer       : LiveReload server is running on port 35729
2025-03-26T11:14:22.536+05:30  INFO 17360 --- [farmersapp] [restartedMain] o.s.b.w.embedded.tomcat.TomcatWebServer  : Tomcat started on port 8080 (http) with context path '/'
2025-03-26T11:14:22.544+05:30  INFO 17360 --- [farmersapp] [restartedMain] c.s.farmersapp.FarmersappApplication     : Started FarmersappApplication in 1.373 seconds (process running for 258.873)
2025-03-26T11:14:22.549+05:30  INFO 17360 --- [farmersapp] [restartedMain] .ConditionEvaluationDeltaLoggingListener : Condition evaluation unchanged
2025-03-26T11:14:50.094+05:30  INFO 17360 --- [farmersapp] [http-nio-8080-exec-1] o.a.c.c.C.[Tomcat].[localhost].[/]       : Initializing Spring DispatcherServlet 'dispatcherServlet'
2025-03-26T11:14:50.094+05:30  INFO 17360 --- [farmersapp] [http-nio-8080-exec-1] o.s.web.servlet.DispatcherServlet        : Initializing Servlet 'dispatcherServlet'
2025-03-26T11:14:50.102+05:30  INFO 17360 --- [farmersapp] [http-nio-8080-exec-1] o.s.web.servlet.DispatcherServlet        : Completed initialization in 8 ms
2025-03-26T11:25:53.866+05:30  WARN 17360 --- [farmersapp] [HikariPool-4 housekeeper] com.zaxxer.hikari.pool.HikariPool        : HikariPool-4 - Thread starvation or clock leap detected (housekeeper delta=6m31s812ms438µs500ns).
2025-03-26T11:41:40.344+05:30  WARN 17360 --- [farmersapp] [HikariPool-4 housekeeper] com.zaxxer.hikari.pool.HikariPool        : HikariPool-4 - Thread starvation or clock leap detected (housekeeper delta=46s146ms39µs900ns).
2025-03-26T11:47:06.958+05:30  WARN 17360 --- [farmersapp] [HikariPool-4 housekeeper] com.zaxxer.hikari.pool.HikariPool        : HikariPool-4 - Thread starvation or clock leap detected (housekeeper delta=2m26s527ms395µs).
2025-03-26T12:01:18.820+05:30  INFO 17360 --- [farmersapp] [http-nio-8080-exec-8] o.springdoc.api.AbstractOpenApiResource  : Init duration for springdoc-openapi is: 5226 ms
2025-03-26T12:02:12.483+05:30  WARN 17360 --- [farmersapp] [http-nio-8080-exec-3] .w.s.m.s.DefaultHandlerExceptionResolver : Resolved [org.springframework.http.converter.HttpMessageNotReadableException: JSON parse error: Unexpected end-of-input: expected close marker for Object (start marker at [Source: REDACTED (`StreamReadFeature.INCLUDE_SOURCE_IN_LOCATION` disabled); line: 1, column: 1])]
2025-03-26T12:04:46.032+05:30  WARN 17360 --- [farmersapp] [http-nio-8080-exec-5] .w.s.m.s.DefaultHandlerExceptionResolver : Resolved [org.springframework.http.converter.HttpMessageNotReadableException: JSON parse error: Unexpected character ('}' (code 125)): was expecting double-quote to start field name]
2025-03-26T12:32:06.591+05:30  INFO 17360 --- [farmersapp] [File Watcher] rtingClassPathChangeChangedEventListener : Restarting due to 1 class path change (0 additions, 0 deletions, 1 modification)
2025-03-26T12:32:06.689+05:30  INFO 17360 --- [farmersapp] [Thread-15] o.s.b.w.e.tomcat.GracefulShutdown        : Commencing graceful shutdown. Waiting for active requests to complete
2025-03-26T12:32:06.706+05:30  INFO 17360 --- [farmersapp] [tomcat-shutdown] o.s.b.w.e.tomcat.GracefulShutdown        : Graceful shutdown complete
2025-03-26T12:32:06.746+05:30  INFO 17360 --- [farmersapp] [Thread-15] j.LocalContainerEntityManagerFactoryBean : Closing JPA EntityManagerFactory for persistence unit 'default'
2025-03-26T12:32:06.787+05:30  INFO 17360 --- [farmersapp] [Thread-15] com.zaxxer.hikari.HikariDataSource       : HikariPool-4 - Shutdown initiated...
2025-03-26T12:32:06.810+05:30  INFO 17360 --- [farmersapp] [Thread-15] com.zaxxer.hikari.HikariDataSource       : HikariPool-4 - Shutdown completed.
2025-03-26T12:32:07.355+05:30  INFO 17360 --- [farmersapp] [restartedMain] c.s.farmersapp.FarmersappApplication     : Starting FarmersappApplication using Java 21.0.5 with PID 17360 (C:\Users\chand\OneDrive\Desktop\farmersapp\target\classes started by chand in C:\Users\chand\OneDrive\Desktop\farmersapp)
2025-03-26T12:32:07.355+05:30  INFO 17360 --- [farmersapp] [restartedMain] c.s.farmersapp.FarmersappApplication     : No active profile set, falling back to 1 default profile: "default"
2025-03-26T12:32:07.877+05:30  INFO 17360 --- [farmersapp] [restartedMain] .s.d.r.c.RepositoryConfigurationDelegate : Bootstrapping Spring Data JPA repositories in DEFAULT mode.
2025-03-26T12:32:07.965+05:30  INFO 17360 --- [farmersapp] [restartedMain] .s.d.r.c.RepositoryConfigurationDelegate : Finished Spring Data repository scanning in 80 ms. Found 8 JPA repository interfaces.
2025-03-26T12:32:08.281+05:30  INFO 17360 --- [farmersapp] [restartedMain] o.s.b.w.embedded.tomcat.TomcatWebServer  : Tomcat initialized with port 8080 (http)
2025-03-26T12:32:08.289+05:30  INFO 17360 --- [farmersapp] [restartedMain] o.apache.catalina.core.StandardService   : Starting service [Tomcat]
2025-03-26T12:32:08.289+05:30  INFO 17360 --- [farmersapp] [restartedMain] o.apache.catalina.core.StandardEngine    : Starting Servlet engine: [Apache Tomcat/10.1.34]
2025-03-26T12:32:08.338+05:30  INFO 17360 --- [farmersapp] [restartedMain] o.a.c.c.C.[Tomcat].[localhost].[/]       : Initializing Spring embedded WebApplicationContext
2025-03-26T12:32:08.338+05:30  INFO 17360 --- [farmersapp] [restartedMain] w.s.c.ServletWebServerApplicationContext : Root WebApplicationContext: initialization completed in 978 ms
2025-03-26T12:32:08.484+05:30  INFO 17360 --- [farmersapp] [restartedMain] o.hibernate.jpa.internal.util.LogHelper  : HHH000204: Processing PersistenceUnitInfo [name: default]
2025-03-26T12:32:08.492+05:30  INFO 17360 --- [farmersapp] [restartedMain] o.h.c.internal.RegionFactoryInitiator    : HHH000026: Second-level cache disabled
2025-03-26T12:32:08.532+05:30  INFO 17360 --- [farmersapp] [restartedMain] o.s.o.j.p.SpringPersistenceUnitInfo      : No LoadTimeWeaver setup: ignoring JPA class transformer
2025-03-26T12:32:08.532+05:30  INFO 17360 --- [farmersapp] [restartedMain] com.zaxxer.hikari.HikariDataSource       : HikariPool-5 - Starting...
2025-03-26T12:32:08.581+05:30  INFO 17360 --- [farmersapp] [restartedMain] com.zaxxer.hikari.pool.HikariPool        : HikariPool-5 - Added connection com.mysql.cj.jdbc.ConnectionImpl@39e64594
2025-03-26T12:32:08.581+05:30  INFO 17360 --- [farmersapp] [restartedMain] com.zaxxer.hikari.HikariDataSource       : HikariPool-5 - Start completed.
2025-03-26T12:32:08.589+05:30  WARN 17360 --- [farmersapp] [restartedMain] org.hibernate.orm.deprecation            : HHH90000025: MySQL8Dialect does not need to be specified explicitly using 'hibernate.dialect' (remove the property setting and it will be selected by default)
2025-03-26T12:32:08.589+05:30  WARN 17360 --- [farmersapp] [restartedMain] org.hibernate.orm.deprecation            : HHH90000026: MySQL8Dialect has been deprecated; use org.hibernate.dialect.MySQLDialect instead
2025-03-26T12:32:08.589+05:30  INFO 17360 --- [farmersapp] [restartedMain] org.hibernate.orm.connections.pooling    : HHH10001005: Database info:
	Database JDBC URL [Connecting through datasource 'HikariDataSource (HikariPool-5)']
	Database driver: undefined/unknown
	Database version: 8.0
	Autocommit mode: undefined/unknown
	Isolation level: undefined/unknown
	Minimum pool size: undefined/unknown
	Maximum pool size: undefined/unknown
2025-03-26T12:32:08.975+05:30  INFO 17360 --- [farmersapp] [restartedMain] o.h.e.t.j.p.i.JtaPlatformInitiator       : HHH000489: No JTA platform available (set 'hibernate.transaction.jta.platform' to enable JTA platform integration)
2025-03-26T12:32:09.097+05:30  INFO 17360 --- [farmersapp] [restartedMain] j.LocalContainerEntityManagerFactoryBean : Initialized JPA EntityManagerFactory for persistence unit 'default'
2025-03-26T12:32:09.438+05:30  WARN 17360 --- [farmersapp] [restartedMain] JpaBaseConfiguration$JpaWebConfiguration : spring.jpa.open-in-view is enabled by default. Therefore, database queries may be performed during view rendering. Explicitly configure spring.jpa.open-in-view to disable this warning
2025-03-26T12:32:09.462+05:30  INFO 17360 --- [farmersapp] [restartedMain] o.s.v.b.OptionalValidatorFactoryBean     : Failed to set up a Bean Validation provider: jakarta.validation.NoProviderFoundException: Unable to create a Configuration, because no Jakarta Bean Validation provider could be found. Add a provider like Hibernate Validator (RI) to your classpath.
2025-03-26T12:32:09.672+05:30  INFO 17360 --- [farmersapp] [restartedMain] o.s.b.d.a.OptionalLiveReloadServer       : LiveReload server is running on port 35729
2025-03-26T12:32:09.688+05:30  INFO 17360 --- [farmersapp] [restartedMain] o.s.b.w.embedded.tomcat.TomcatWebServer  : Tomcat started on port 8080 (http) with context path '/'
2025-03-26T12:32:09.696+05:30  INFO 17360 --- [farmersapp] [restartedMain] c.s.farmersapp.FarmersappApplication     : Started FarmersappApplication in 2.433 seconds (process running for 4926.028)
2025-03-26T12:32:09.704+05:30  INFO 17360 --- [farmersapp] [restartedMain] .ConditionEvaluationDeltaLoggingListener : Condition evaluation unchanged
2025-03-26T12:37:46.341+05:30  INFO 17360 --- [farmersapp] [File Watcher] rtingClassPathChangeChangedEventListener : Restarting due to 1 class path change (0 additions, 0 deletions, 1 modification)
2025-03-26T12:37:46.357+05:30  INFO 17360 --- [farmersapp] [Thread-19] o.s.b.w.e.tomcat.GracefulShutdown        : Commencing graceful shutdown. Waiting for active requests to complete
2025-03-26T12:37:46.365+05:30  INFO 17360 --- [farmersapp] [tomcat-shutdown] o.s.b.w.e.tomcat.GracefulShutdown        : Graceful shutdown complete
2025-03-26T12:37:46.377+05:30  INFO 17360 --- [farmersapp] [Thread-19] j.LocalContainerEntityManagerFactoryBean : Closing JPA EntityManagerFactory for persistence unit 'default'
2025-03-26T12:37:46.378+05:30  INFO 17360 --- [farmersapp] [Thread-19] com.zaxxer.hikari.HikariDataSource       : HikariPool-5 - Shutdown initiated...
2025-03-26T12:37:46.378+05:30  INFO 17360 --- [farmersapp] [Thread-19] com.zaxxer.hikari.HikariDataSource       : HikariPool-5 - Shutdown completed.
2025-03-26T12:37:46.525+05:30  INFO 17360 --- [farmersapp] [restartedMain] c.s.farmersapp.FarmersappApplication     : Starting FarmersappApplication using Java 21.0.5 with PID 17360 (C:\Users\chand\OneDrive\Desktop\farmersapp\target\classes started by chand in C:\Users\chand\OneDrive\Desktop\farmersapp)
2025-03-26T12:37:46.526+05:30  INFO 17360 --- [farmersapp] [restartedMain] c.s.farmersapp.FarmersappApplication     : No active profile set, falling back to 1 default profile: "default"
2025-03-26T12:37:46.781+05:30  INFO 17360 --- [farmersapp] [restartedMain] .s.d.r.c.RepositoryConfigurationDelegate : Bootstrapping Spring Data JPA repositories in DEFAULT mode.
2025-03-26T12:37:46.848+05:30  INFO 17360 --- [farmersapp] [restartedMain] .s.d.r.c.RepositoryConfigurationDelegate : Finished Spring Data repository scanning in 56 ms. Found 8 JPA repository interfaces.
2025-03-26T12:37:46.995+05:30  INFO 17360 --- [farmersapp] [restartedMain] o.s.b.w.embedded.tomcat.TomcatWebServer  : Tomcat initialized with port 8080 (http)
2025-03-26T12:37:46.995+05:30  INFO 17360 --- [farmersapp] [restartedMain] o.apache.catalina.core.StandardService   : Starting service [Tomcat]
2025-03-26T12:37:46.995+05:30  INFO 17360 --- [farmersapp] [restartedMain] o.apache.catalina.core.StandardEngine    : Starting Servlet engine: [Apache Tomcat/10.1.34]
2025-03-26T12:37:47.015+05:30  INFO 17360 --- [farmersapp] [restartedMain] o.a.c.c.C.[Tomcat].[localhost].[/]       : Initializing Spring embedded WebApplicationContext
2025-03-26T12:37:47.015+05:30  INFO 17360 --- [farmersapp] [restartedMain] w.s.c.ServletWebServerApplicationContext : Root WebApplicationContext: initialization completed in 488 ms
2025-03-26T12:37:47.064+05:30  INFO 17360 --- [farmersapp] [restartedMain] o.hibernate.jpa.internal.util.LogHelper  : HHH000204: Processing PersistenceUnitInfo [name: default]
2025-03-26T12:37:47.064+05:30  INFO 17360 --- [farmersapp] [restartedMain] o.h.c.internal.RegionFactoryInitiator    : HHH000026: Second-level cache disabled
2025-03-26T12:37:47.085+05:30  INFO 17360 --- [farmersapp] [restartedMain] o.s.o.j.p.SpringPersistenceUnitInfo      : No LoadTimeWeaver setup: ignoring JPA class transformer
2025-03-26T12:37:47.093+05:30  INFO 17360 --- [farmersapp] [restartedMain] com.zaxxer.hikari.HikariDataSource       : HikariPool-6 - Starting...
2025-03-26T12:37:47.113+05:30  INFO 17360 --- [farmersapp] [restartedMain] com.zaxxer.hikari.pool.HikariPool        : HikariPool-6 - Added connection com.mysql.cj.jdbc.ConnectionImpl@1563c9d6
2025-03-26T12:37:47.113+05:30  INFO 17360 --- [farmersapp] [restartedMain] com.zaxxer.hikari.HikariDataSource       : HikariPool-6 - Start completed.
2025-03-26T12:37:47.113+05:30  WARN 17360 --- [farmersapp] [restartedMain] org.hibernate.orm.deprecation            : HHH90000025: MySQL8Dialect does not need to be specified explicitly using 'hibernate.dialect' (remove the property setting and it will be selected by default)
2025-03-26T12:37:47.113+05:30  WARN 17360 --- [farmersapp] [restartedMain] org.hibernate.orm.deprecation            : HHH90000026: MySQL8Dialect has been deprecated; use org.hibernate.dialect.MySQLDialect instead
2025-03-26T12:37:47.113+05:30  INFO 17360 --- [farmersapp] [restartedMain] org.hibernate.orm.connections.pooling    : HHH10001005: Database info:
	Database JDBC URL [Connecting through datasource 'HikariDataSource (HikariPool-6)']
	Database driver: undefined/unknown
	Database version: 8.0
	Autocommit mode: undefined/unknown
	Isolation level: undefined/unknown
	Minimum pool size: undefined/unknown
	Maximum pool size: undefined/unknown
2025-03-26T12:37:47.298+05:30  INFO 17360 --- [farmersapp] [restartedMain] o.h.e.t.j.p.i.JtaPlatformInitiator       : HHH000489: No JTA platform available (set 'hibernate.transaction.jta.platform' to enable JTA platform integration)
2025-03-26T12:37:47.435+05:30  INFO 17360 --- [farmersapp] [restartedMain] j.LocalContainerEntityManagerFactoryBean : Initialized JPA EntityManagerFactory for persistence unit 'default'
2025-03-26T12:37:47.679+05:30  WARN 17360 --- [farmersapp] [restartedMain] JpaBaseConfiguration$JpaWebConfiguration : spring.jpa.open-in-view is enabled by default. Therefore, database queries may be performed during view rendering. Explicitly configure spring.jpa.open-in-view to disable this warning
2025-03-26T12:37:47.679+05:30  INFO 17360 --- [farmersapp] [restartedMain] o.s.v.b.OptionalValidatorFactoryBean     : Failed to set up a Bean Validation provider: jakarta.validation.NoProviderFoundException: Unable to create a Configuration, because no Jakarta Bean Validation provider could be found. Add a provider like Hibernate Validator (RI) to your classpath.
2025-03-26T12:37:47.826+05:30  INFO 17360 --- [farmersapp] [restartedMain] o.s.b.d.a.OptionalLiveReloadServer       : LiveReload server is running on port 35729
2025-03-26T12:37:47.832+05:30  INFO 17360 --- [farmersapp] [restartedMain] o.s.b.w.embedded.tomcat.TomcatWebServer  : Tomcat started on port 8080 (http) with context path '/'
2025-03-26T12:37:47.852+05:30  INFO 17360 --- [farmersapp] [restartedMain] c.s.farmersapp.FarmersappApplication     : Started FarmersappApplication in 1.358 seconds (process running for 5264.179)
2025-03-26T12:37:47.856+05:30  INFO 17360 --- [farmersapp] [restartedMain] .ConditionEvaluationDeltaLoggingListener : Condition evaluation unchanged
2025-03-26T12:41:28.185+05:30  INFO 17360 --- [farmersapp] [http-nio-8080-exec-1] o.a.c.c.C.[Tomcat].[localhost].[/]       : Initializing Spring DispatcherServlet 'dispatcherServlet'
2025-03-26T12:41:28.187+05:30  INFO 17360 --- [farmersapp] [http-nio-8080-exec-1] o.s.web.servlet.DispatcherServlet        : Initializing Servlet 'dispatcherServlet'
2025-03-26T12:41:28.193+05:30  INFO 17360 --- [farmersapp] [http-nio-8080-exec-1] o.s.web.servlet.DispatcherServlet        : Completed initialization in 5 ms
